<?xml version="1.0" encoding="utf-8"?>
<!DOCTYPE coverage SYSTEM "http://cobertura.sourceforge.net/xml/coverage-04.dtd">
<coverage line-rate="0.841726618705036" branch-rate="0.45" lines-covered="234" lines-valid="278" branches-covered="18" branches-valid="40" complexity="49" version="0" timestamp="1618387740">
  <sources />
  <packages>
    <package name="Common" line-rate="0.9693251533742331" branch-rate="0.625" complexity="15">
      <classes>
        <class name="Core.KafkaConsumer" filename="/home/runner/work/POC-Akka.Streams.Kafka/POC-Akka.Streams.Kafka/src/Common/KafkaConsumer.cs" line-rate="1" branch-rate="0.6666666666666666" complexity="1">
          <methods>
            <method name=".ctor" signature="(Microsoft.Extensions.Logging.ILogger`1&lt;Core.KafkaConsumer&gt;)" line-rate="1" branch-rate="1" complexity="NaN">
              <lines>
                <line number="16" hits="1" branch="false" />
                <line number="17" hits="1" branch="false" />
                <line number="18" hits="1" branch="false" />
                <line number="20" hits="1" branch="false" />
                <line number="23" hits="1" branch="false" />
              </lines>
            </method>
            <method name="Run" signature="(System.String,System.String,System.Collections.Generic.IList`1&lt;System.String&gt;,System.Action`1&lt;Core.Messages.KafkaMessage&gt;)" line-rate="1" branch-rate="0.6666666666666666" complexity="NaN">
              <lines>
                <line number="30" hits="1" branch="false" />
                <line number="31" hits="1" branch="true" condition-coverage="50% (1/2)" />
                <line number="33" hits="1" branch="false" />
                <line number="34" hits="1" branch="false" />
                <line number="36" hits="1" branch="false" />
                <line number="37" hits="1" branch="false" />
                <line number="38" hits="1" branch="false" />
                <line number="39" hits="1" branch="false" />
                <line number="40" hits="1" branch="false" />
                <line number="41" hits="1" branch="false" />
                <line number="42" hits="1" branch="false" />
                <line number="43" hits="1" branch="false" />
                <line number="44" hits="1" branch="false" />
                <line number="45" hits="1" branch="false" />
                <line number="46" hits="1" branch="false" />
                <line number="48" hits="1" branch="false" />
                <line number="49" hits="2" branch="false" />
                <line number="50" hits="2" branch="false" />
                <line number="51" hits="1" branch="false" />
                <line number="52" hits="2" branch="false" />
                <line number="53" hits="2" branch="false" />
                <line number="54" hits="3" branch="false" />
                <line number="55" hits="3" branch="false" />
                <line number="56" hits="3" branch="false" />
                <line number="57" hits="2" branch="false" />
                <line number="58" hits="3" branch="false" />
                <line number="59" hits="3" branch="false" />
                <line number="60" hits="3" branch="false" />
                <line number="61" hits="2" branch="false" />
                <line number="62" hits="2" branch="false" />
                <line number="63" hits="2" branch="false" />
                <line number="64" hits="2" branch="false" />
                <line number="65" hits="2" branch="false" />
                <line number="66" hits="2" branch="false" />
                <line number="67" hits="2" branch="false" />
                <line number="68" hits="1" branch="false" />
                <line number="69" hits="1" branch="false" />
                <line number="70" hits="2" branch="false" />
                <line number="71" hits="9" branch="false" />
                <line number="72" hits="9" branch="false" />
                <line number="73" hits="1" branch="false" />
                <line number="74" hits="9" branch="false" />
                <line number="75" hits="9" branch="false" />
                <line number="76" hits="1" branch="false" />
                <line number="77" hits="10" branch="true" condition-coverage="100% (2/2)" />
                <line number="78" hits="1" branch="false" />
                <line number="79" hits="4" branch="false" />
                <line number="80" hits="7" branch="false" />
                <line number="81" hits="4" branch="false" />
                <line number="82" hits="4" branch="false" />
                <line number="83" hits="4" branch="false" />
                <line number="84" hits="7" branch="false" />
                <line number="85" hits="4" branch="false" />
                <line number="86" hits="7" branch="false" />
                <line number="87" hits="7" branch="false" />
                <line number="88" hits="7" branch="false" />
                <line number="89" hits="4" branch="false" />
                <line number="90" hits="4" branch="false" />
                <line number="91" hits="4" branch="false" />
                <line number="92" hits="4" branch="false" />
                <line number="93" hits="4" branch="false" />
                <line number="94" hits="7" branch="false" />
                <line number="95" hits="7" branch="false" />
                <line number="96" hits="7" branch="false" />
                <line number="97" hits="7" branch="false" />
                <line number="98" hits="1" branch="false" />
                <line number="99" hits="4" branch="true" condition-coverage="50% (1/2)" />
                <line number="100" hits="1" branch="false" />
                <line number="101" hits="4" branch="false" />
                <line number="102" hits="4" branch="false" />
                <line number="103" hits="1" branch="false" />
                <line number="104" hits="4" branch="false" />
                <line number="105" hits="2" branch="false" />
                <line number="106" hits="2" branch="false" />
                <line number="107" hits="2" branch="false" />
                <line number="108" hits="2" branch="false" />
                <line number="109" hits="5" branch="false" />
                <line number="110" hits="1" branch="false" />
                <line number="111" hits="2" branch="false" />
                <line number="112" hits="2" branch="false" />
                <line number="113" hits="2" branch="false" />
                <line number="114" hits="2" branch="false" />
                <line number="115" hits="1" branch="false" />
                <line number="116" hits="2" branch="false" />
                <line number="117" hits="2" branch="false" />
                <line number="118" hits="2" branch="false" />
                <line number="119" hits="2" branch="false" />
                <line number="120" hits="2" branch="false" />
                <line number="122" hits="1" branch="false" />
                <line number="123" hits="1" branch="false" />
              </lines>
            </method>
            <method name="Stop" signature="()" line-rate="1" branch-rate="1" complexity="1">
              <lines>
                <line number="126" hits="1" branch="false" />
                <line number="127" hits="1" branch="false" />
                <line number="128" hits="1" branch="false" />
              </lines>
            </method>
          </methods>
          <lines>
            <line number="16" hits="1" branch="false" />
            <line number="17" hits="1" branch="false" />
            <line number="18" hits="1" branch="false" />
            <line number="20" hits="1" branch="false" />
            <line number="23" hits="1" branch="false" />
            <line number="30" hits="1" branch="false" />
            <line number="31" hits="1" branch="true" condition-coverage="50% (1/2)" />
            <line number="33" hits="1" branch="false" />
            <line number="34" hits="1" branch="false" />
            <line number="36" hits="1" branch="false" />
            <line number="37" hits="1" branch="false" />
            <line number="38" hits="1" branch="false" />
            <line number="39" hits="1" branch="false" />
            <line number="40" hits="1" branch="false" />
            <line number="41" hits="1" branch="false" />
            <line number="42" hits="1" branch="false" />
            <line number="43" hits="1" branch="false" />
            <line number="44" hits="1" branch="false" />
            <line number="45" hits="1" branch="false" />
            <line number="46" hits="1" branch="false" />
            <line number="48" hits="1" branch="false" />
            <line number="49" hits="2" branch="false" />
            <line number="50" hits="2" branch="false" />
            <line number="51" hits="1" branch="false" />
            <line number="52" hits="2" branch="false" />
            <line number="53" hits="2" branch="false" />
            <line number="54" hits="3" branch="false" />
            <line number="55" hits="3" branch="false" />
            <line number="56" hits="3" branch="false" />
            <line number="57" hits="2" branch="false" />
            <line number="58" hits="3" branch="false" />
            <line number="59" hits="3" branch="false" />
            <line number="60" hits="3" branch="false" />
            <line number="61" hits="2" branch="false" />
            <line number="62" hits="2" branch="false" />
            <line number="63" hits="2" branch="false" />
            <line number="64" hits="2" branch="false" />
            <line number="65" hits="2" branch="false" />
            <line number="66" hits="2" branch="false" />
            <line number="67" hits="2" branch="false" />
            <line number="68" hits="1" branch="false" />
            <line number="69" hits="1" branch="false" />
            <line number="70" hits="2" branch="false" />
            <line number="71" hits="9" branch="false" />
            <line number="72" hits="9" branch="false" />
            <line number="73" hits="1" branch="false" />
            <line number="74" hits="9" branch="false" />
            <line number="75" hits="9" branch="false" />
            <line number="76" hits="1" branch="false" />
            <line number="77" hits="10" branch="true" condition-coverage="100% (2/2)" />
            <line number="78" hits="1" branch="false" />
            <line number="79" hits="4" branch="false" />
            <line number="80" hits="7" branch="false" />
            <line number="81" hits="4" branch="false" />
            <line number="82" hits="4" branch="false" />
            <line number="83" hits="4" branch="false" />
            <line number="84" hits="7" branch="false" />
            <line number="85" hits="4" branch="false" />
            <line number="86" hits="7" branch="false" />
            <line number="87" hits="7" branch="false" />
            <line number="88" hits="7" branch="false" />
            <line number="89" hits="4" branch="false" />
            <line number="90" hits="4" branch="false" />
            <line number="91" hits="4" branch="false" />
            <line number="92" hits="4" branch="false" />
            <line number="93" hits="4" branch="false" />
            <line number="94" hits="7" branch="false" />
            <line number="95" hits="7" branch="false" />
            <line number="96" hits="7" branch="false" />
            <line number="97" hits="7" branch="false" />
            <line number="98" hits="1" branch="false" />
            <line number="99" hits="4" branch="true" condition-coverage="50% (1/2)" />
            <line number="100" hits="1" branch="false" />
            <line number="101" hits="4" branch="false" />
            <line number="102" hits="4" branch="false" />
            <line number="103" hits="1" branch="false" />
            <line number="104" hits="4" branch="false" />
            <line number="105" hits="2" branch="false" />
            <line number="106" hits="2" branch="false" />
            <line number="107" hits="2" branch="false" />
            <line number="108" hits="2" branch="false" />
            <line number="109" hits="5" branch="false" />
            <line number="110" hits="1" branch="false" />
            <line number="111" hits="2" branch="false" />
            <line number="112" hits="2" branch="false" />
            <line number="113" hits="2" branch="false" />
            <line number="114" hits="2" branch="false" />
            <line number="115" hits="1" branch="false" />
            <line number="116" hits="2" branch="false" />
            <line number="117" hits="2" branch="false" />
            <line number="118" hits="2" branch="false" />
            <line number="119" hits="2" branch="false" />
            <line number="120" hits="2" branch="false" />
            <line number="122" hits="1" branch="false" />
            <line number="123" hits="1" branch="false" />
            <line number="126" hits="1" branch="false" />
            <line number="127" hits="1" branch="false" />
            <line number="128" hits="1" branch="false" />
          </lines>
        </class>
        <class name="Core.KafkaConsumerActor" filename="/home/runner/work/POC-Akka.Streams.Kafka/POC-Akka.Streams.Kafka/src/Common/KafkaConsumerActor.cs" line-rate="0.8857142857142857" branch-rate="0.5" complexity="1">
          <methods>
            <method name=".ctor" signature="(Core.KafkaConsumer,System.Collections.Generic.Dictionary`2&lt;System.String,Google.Protobuf.MessageParser&gt;,System.String,System.String,Akka.Actor.IActorRef)" line-rate="1" branch-rate="0.5" complexity="NaN">
              <lines>
                <line number="15" hits="1" branch="false" />
                <line number="16" hits="1" branch="false" />
                <line number="17" hits="1" branch="false" />
                <line number="18" hits="1" branch="false" />
                <line number="19" hits="1" branch="false" />
                <line number="20" hits="1" branch="false" />
                <line number="23" hits="1" branch="false" />
                <line number="24" hits="1" branch="false" />
                <line number="26" hits="1" branch="false" />
                <line number="27" hits="4" branch="false" />
                <line number="28" hits="4" branch="false" />
                <line number="29" hits="4" branch="false" />
                <line number="31" hits="1" branch="false" />
                <line number="32" hits="4" branch="false" />
                <line number="33" hits="7" branch="false" />
                <line number="34" hits="4" branch="true" condition-coverage="50% (1/2)" />
                <line number="35" hits="4" branch="false" />
                <line number="36" hits="4" branch="false" />
                <line number="37" hits="4" branch="false" />
                <line number="38" hits="4" branch="false" />
                <line number="39" hits="1" branch="false" />
                <line number="40" hits="4" branch="false" />
                <line number="41" hits="4" branch="false" />
                <line number="42" hits="4" branch="false" />
                <line number="43" hits="4" branch="false" />
                <line number="44" hits="4" branch="false" />
                <line number="45" hits="1" branch="false" />
              </lines>
            </method>
            <method name="PostStop" signature="()" line-rate="1" branch-rate="1" complexity="1">
              <lines>
                <line number="48" hits="1" branch="false" />
                <line number="49" hits="1" branch="false" />
                <line number="50" hits="1" branch="false" />
                <line number="51" hits="1" branch="false" />
              </lines>
            </method>
            <method name="PreRestart" signature="(System.Exception,System.Object)" line-rate="0" branch-rate="1" complexity="NaN">
              <lines>
                <line number="54" hits="0" branch="false" />
                <line number="55" hits="0" branch="false" />
                <line number="56" hits="0" branch="false" />
                <line number="57" hits="0" branch="false" />
              </lines>
            </method>
          </methods>
          <lines>
            <line number="15" hits="1" branch="false" />
            <line number="16" hits="1" branch="false" />
            <line number="17" hits="1" branch="false" />
            <line number="18" hits="1" branch="false" />
            <line number="19" hits="1" branch="false" />
            <line number="20" hits="1" branch="false" />
            <line number="23" hits="1" branch="false" />
            <line number="24" hits="1" branch="false" />
            <line number="26" hits="1" branch="false" />
            <line number="27" hits="4" branch="false" />
            <line number="28" hits="4" branch="false" />
            <line number="29" hits="4" branch="false" />
            <line number="31" hits="1" branch="false" />
            <line number="32" hits="4" branch="false" />
            <line number="33" hits="7" branch="false" />
            <line number="34" hits="4" branch="true" condition-coverage="50% (1/2)" />
            <line number="35" hits="4" branch="false" />
            <line number="36" hits="4" branch="false" />
            <line number="37" hits="4" branch="false" />
            <line number="38" hits="4" branch="false" />
            <line number="39" hits="1" branch="false" />
            <line number="40" hits="4" branch="false" />
            <line number="41" hits="4" branch="false" />
            <line number="42" hits="4" branch="false" />
            <line number="43" hits="4" branch="false" />
            <line number="44" hits="4" branch="false" />
            <line number="45" hits="1" branch="false" />
            <line number="48" hits="1" branch="false" />
            <line number="49" hits="1" branch="false" />
            <line number="50" hits="1" branch="false" />
            <line number="51" hits="1" branch="false" />
            <line number="54" hits="0" branch="false" />
            <line number="55" hits="0" branch="false" />
            <line number="56" hits="0" branch="false" />
            <line number="57" hits="0" branch="false" />
          </lines>
        </class>
        <class name="Core.KafkaSenderActor" filename="/home/runner/work/POC-Akka.Streams.Kafka/POC-Akka.Streams.Kafka/src/Common/KafkaSenderActor.cs" line-rate="0.9642857142857143" branch-rate="1" complexity="4">
          <methods>
            <method name=".ctor" signature="(System.String)" line-rate="0.9642857142857143" branch-rate="1" complexity="NaN">
              <lines>
                <line number="12" hits="1" branch="false" />
                <line number="15" hits="0" branch="false" />
                <line number="17" hits="1" branch="false" />
                <line number="18" hits="1" branch="false" />
                <line number="19" hits="1" branch="false" />
                <line number="20" hits="1" branch="false" />
                <line number="21" hits="1" branch="false" />
                <line number="22" hits="1" branch="false" />
                <line number="23" hits="1" branch="false" />
                <line number="25" hits="1" branch="false" />
                <line number="27" hits="1" branch="false" />
                <line number="28" hits="4" branch="false" />
                <line number="29" hits="1" branch="false" />
                <line number="30" hits="4" branch="false" />
                <line number="31" hits="4" branch="false" />
                <line number="32" hits="4" branch="false" />
                <line number="33" hits="4" branch="false" />
                <line number="34" hits="4" branch="false" />
                <line number="35" hits="4" branch="false" />
                <line number="36" hits="4" branch="false" />
                <line number="37" hits="4" branch="false" />
                <line number="38" hits="4" branch="false" />
                <line number="39" hits="1" branch="false" />
                <line number="40" hits="1" branch="false" />
                <line number="41" hits="1" branch="false" />
                <line number="42" hits="1" branch="false" />
                <line number="43" hits="4" branch="false" />
                <line number="44" hits="1" branch="false" />
              </lines>
            </method>
            <method name=".ctor" signature="(System.String,System.String)" line-rate="0" branch-rate="1" complexity="NaN">
              <lines>
                <line number="15" hits="0" branch="false" />
              </lines>
            </method>
            <method name="&gt;c__DisplayClass3_1/&lt;&lt;-ctor" signature="()" line-rate="1" branch-rate="1" complexity="4">
              <lines>
                <line number="28" hits="4" branch="false" />
                <line number="29" hits="1" branch="false" />
                <line number="30" hits="4" branch="false" />
                <line number="31" hits="4" branch="false" />
                <line number="32" hits="4" branch="false" />
                <line number="33" hits="4" branch="false" />
                <line number="34" hits="4" branch="false" />
                <line number="35" hits="4" branch="false" />
                <line number="36" hits="4" branch="false" />
                <line number="37" hits="4" branch="false" />
                <line number="38" hits="4" branch="false" />
                <line number="39" hits="1" branch="false" />
                <line number="40" hits="1" branch="false" />
                <line number="41" hits="1" branch="false" />
                <line number="42" hits="1" branch="false" />
                <line number="43" hits="4" branch="false" />
              </lines>
            </method>
          </methods>
          <lines>
            <line number="12" hits="1" branch="false" />
            <line number="15" hits="0" branch="false" />
            <line number="17" hits="1" branch="false" />
            <line number="18" hits="1" branch="false" />
            <line number="19" hits="1" branch="false" />
            <line number="20" hits="1" branch="false" />
            <line number="21" hits="1" branch="false" />
            <line number="22" hits="1" branch="false" />
            <line number="23" hits="1" branch="false" />
            <line number="25" hits="1" branch="false" />
            <line number="27" hits="1" branch="false" />
            <line number="28" hits="4" branch="false" />
            <line number="29" hits="1" branch="false" />
            <line number="30" hits="4" branch="false" />
            <line number="31" hits="4" branch="false" />
            <line number="32" hits="4" branch="false" />
            <line number="33" hits="4" branch="false" />
            <line number="34" hits="4" branch="false" />
            <line number="35" hits="4" branch="false" />
            <line number="36" hits="4" branch="false" />
            <line number="37" hits="4" branch="false" />
            <line number="38" hits="4" branch="false" />
            <line number="39" hits="1" branch="false" />
            <line number="40" hits="1" branch="false" />
            <line number="41" hits="1" branch="false" />
            <line number="42" hits="1" branch="false" />
            <line number="43" hits="4" branch="false" />
            <line number="44" hits="1" branch="false" />
          </lines>
        </class>
        <class name="Core.Messages.KafkaHeader" filename="/home/runner/work/POC-Akka.Streams.Kafka/POC-Akka.Streams.Kafka/src/Common/Internal/Message.cs" line-rate="1" branch-rate="1" complexity="NaN">
          <methods>
            <method name=".ctor" signature="(System.String,System.Byte[])" line-rate="1" branch-rate="1" complexity="NaN">
              <lines>
                <line number="6" hits="9" branch="false" />
              </lines>
            </method>
          </methods>
          <lines>
            <line number="6" hits="9" branch="false" />
          </lines>
        </class>
        <class name="Core.Messages.KafkaMessage" filename="/home/runner/work/POC-Akka.Streams.Kafka/POC-Akka.Streams.Kafka/src/Common/Internal/Message.cs" line-rate="1" branch-rate="1" complexity="NaN">
          <methods>
            <method name=".ctor" signature="(System.Collections.Immutable.ImmutableList`1&lt;Core.Messages.KafkaHeader&gt;,System.Byte[],System.Action)" line-rate="1" branch-rate="1" complexity="NaN">
              <lines>
                <line number="7" hits="12" branch="false" />
              </lines>
            </method>
          </methods>
          <lines>
            <line number="7" hits="12" branch="false" />
          </lines>
        </class>
      </classes>
    </package>
    <package name="Messages" line-rate="0.6608695652173913" branch-rate="0.40625" complexity="34">
      <classes>
        <class name="Message.Commands.CommandSimpleReflection" filename="/home/runner/work/POC-Akka.Streams.Kafka/POC-Akka.Streams.Kafka/src/Messages/obj/Debug/netstandard2.0/CommandSimple.cs" line-rate="1" branch-rate="1" complexity="1">
          <methods>
            <method name="Descriptor" signature="()" line-rate="1" branch-rate="1" complexity="NaN">
              <lines>
                <line number="20" hits="9" branch="false" />
              </lines>
            </method>
            <method name=".cctor" signature="()" line-rate="1" branch-rate="1" complexity="1">
              <lines>
                <line number="24" hits="1" branch="false" />
                <line number="25" hits="1" branch="false" />
                <line number="26" hits="1" branch="false" />
                <line number="27" hits="1" branch="false" />
                <line number="28" hits="1" branch="false" />
                <line number="29" hits="1" branch="false" />
                <line number="30" hits="1" branch="false" />
                <line number="31" hits="1" branch="false" />
                <line number="32" hits="1" branch="false" />
                <line number="33" hits="1" branch="false" />
                <line number="34" hits="1" branch="false" />
              </lines>
            </method>
          </methods>
          <lines>
            <line number="20" hits="9" branch="false" />
            <line number="24" hits="1" branch="false" />
            <line number="25" hits="1" branch="false" />
            <line number="26" hits="1" branch="false" />
            <line number="27" hits="1" branch="false" />
            <line number="28" hits="1" branch="false" />
            <line number="29" hits="1" branch="false" />
            <line number="30" hits="1" branch="false" />
            <line number="31" hits="1" branch="false" />
            <line number="32" hits="1" branch="false" />
            <line number="33" hits="1" branch="false" />
            <line number="34" hits="1" branch="false" />
          </lines>
        </class>
        <class name="Message.Commands.Simple" filename="/home/runner/work/POC-Akka.Streams.Kafka/POC-Akka.Streams.Kafka/src/Messages/obj/Debug/netstandard2.0/CommandSimple.cs" line-rate="0.6213592233009708" branch-rate="0.40625" complexity="11">
          <methods>
            <method name="Parser" signature="()" line-rate="1" branch-rate="1" complexity="NaN">
              <lines>
                <line number="47" hits="6" branch="false" />
              </lines>
            </method>
            <method name="Descriptor" signature="()" line-rate="1" branch-rate="1" complexity="NaN">
              <lines>
                <line number="51" hits="9" branch="false" />
              </lines>
            </method>
            <method name="le.Protobuf.IMessage.get_Descriptor" signature="()" line-rate="1" branch-rate="1" complexity="NaN">
              <lines>
                <line number="56" hits="9" branch="false" />
              </lines>
            </method>
            <method name=".ctor" signature="()" line-rate="0.2727272727272727" branch-rate="1" complexity="NaN">
              <lines>
                <line number="60" hits="18" branch="false" />
                <line number="62" hits="9" branch="false" />
                <line number="67" hits="0" branch="false" />
                <line number="68" hits="0" branch="false" />
                <line number="69" hits="0" branch="false" />
                <line number="70" hits="0" branch="false" />
                <line number="71" hits="0" branch="false" />
                <line number="74" hits="0" branch="false" />
                <line number="75" hits="0" branch="false" />
                <line number="76" hits="0" branch="false" />
                <line number="80" hits="9" branch="false" />
              </lines>
            </method>
            <method name=".ctor" signature="(Message.Commands.Simple)" line-rate="0" branch-rate="1" complexity="NaN">
              <lines>
                <line number="67" hits="0" branch="false" />
                <line number="68" hits="0" branch="false" />
                <line number="69" hits="0" branch="false" />
                <line number="70" hits="0" branch="false" />
                <line number="71" hits="0" branch="false" />
              </lines>
            </method>
            <method name="Clone" signature="()" line-rate="0" branch-rate="1" complexity="1">
              <lines>
                <line number="74" hits="0" branch="false" />
                <line number="75" hits="0" branch="false" />
                <line number="76" hits="0" branch="false" />
              </lines>
            </method>
            <method name="Body" signature="()" line-rate="1" branch-rate="1" complexity="NaN">
              <lines>
                <line number="83" hits="54" branch="false" />
              </lines>
            </method>
            <method name="Body" signature="(System.String)" line-rate="1" branch-rate="1" complexity="NaN">
              <lines>
                <line number="84" hits="9" branch="false" />
                <line number="85" hits="9" branch="false" />
                <line number="86" hits="9" branch="false" />
              </lines>
            </method>
            <method name="Number" signature="()" line-rate="1" branch-rate="1" complexity="NaN">
              <lines>
                <line number="94" hits="54" branch="false" />
              </lines>
            </method>
            <method name="Number" signature="(System.Int32)" line-rate="1" branch-rate="1" complexity="NaN">
              <lines>
                <line number="95" hits="9" branch="false" />
                <line number="96" hits="9" branch="false" />
                <line number="97" hits="9" branch="false" />
              </lines>
            </method>
            <method name="Equals" signature="(System.Object)" line-rate="1" branch-rate="1" complexity="NaN">
              <lines>
                <line number="101" hits="3" branch="false" />
                <line number="102" hits="3" branch="false" />
                <line number="103" hits="3" branch="false" />
              </lines>
            </method>
            <method name="Equals" signature="(Message.Commands.Simple)" line-rate="0.7777777777777778" branch-rate="0.5" complexity="NaN">
              <lines>
                <line number="106" hits="3" branch="false" />
                <line number="107" hits="3" branch="false" />
                <line number="108" hits="0" branch="false" />
                <line number="110" hits="3" branch="true" condition-coverage="50% (1/2)" />
                <line number="111" hits="0" branch="false" />
                <line number="113" hits="3" branch="true" condition-coverage="50% (1/2)" />
                <line number="114" hits="3" branch="true" condition-coverage="50% (1/2)" />
                <line number="115" hits="3" branch="false" />
                <line number="116" hits="3" branch="false" />
              </lines>
            </method>
            <method name="GetHashCode" signature="()" line-rate="0" branch-rate="0" complexity="4">
              <lines>
                <line number="119" hits="0" branch="false" />
                <line number="120" hits="0" branch="false" />
                <line number="121" hits="0" branch="true" condition-coverage="0% (0/2)" />
                <line number="122" hits="0" branch="true" condition-coverage="0% (0/2)" />
                <line number="123" hits="0" branch="true" condition-coverage="0% (0/2)" />
                <line number="124" hits="0" branch="false" />
                <line number="125" hits="0" branch="false" />
                <line number="126" hits="0" branch="false" />
                <line number="127" hits="0" branch="false" />
              </lines>
            </method>
            <method name="ToString" signature="()" line-rate="0" branch-rate="1" complexity="1">
              <lines>
                <line number="130" hits="0" branch="false" />
                <line number="131" hits="0" branch="false" />
                <line number="132" hits="0" branch="false" />
              </lines>
            </method>
            <method name="WriteTo" signature="(Google.Protobuf.CodedOutputStream)" line-rate="1" branch-rate="1" complexity="NaN">
              <lines>
                <line number="135" hits="3" branch="false" />
                <line number="137" hits="3" branch="false" />
                <line number="151" hits="3" branch="false" />
              </lines>
            </method>
            <method name="Google.Protobuf.IBufferMessage.InternalWriteTo" signature="(Google.Protobuf.WriteContext&amp;)" line-rate="0.8461538461538461" branch-rate="0.5" complexity="NaN">
              <lines>
                <line number="155" hits="3" branch="false" />
                <line number="156" hits="6" branch="false" />
                <line number="157" hits="3" branch="false" />
                <line number="158" hits="3" branch="false" />
                <line number="159" hits="3" branch="false" />
                <line number="160" hits="6" branch="true" condition-coverage="50% (1/2)" />
                <line number="161" hits="3" branch="false" />
                <line number="162" hits="3" branch="false" />
                <line number="163" hits="3" branch="false" />
                <line number="164" hits="3" branch="true" condition-coverage="50% (1/2)" />
                <line number="165" hits="0" branch="false" />
                <line number="166" hits="0" branch="false" />
                <line number="167" hits="3" branch="false" />
              </lines>
            </method>
            <method name="CalculateSize" signature="()" line-rate="0.8461538461538461" branch-rate="0.5" complexity="4">
              <lines>
                <line number="171" hits="3" branch="false" />
                <line number="172" hits="3" branch="false" />
                <line number="173" hits="6" branch="true" condition-coverage="50% (1/2)" />
                <line number="174" hits="3" branch="false" />
                <line number="175" hits="3" branch="false" />
                <line number="176" hits="6" branch="true" condition-coverage="50% (1/2)" />
                <line number="177" hits="3" branch="false" />
                <line number="178" hits="3" branch="false" />
                <line number="179" hits="3" branch="true" condition-coverage="50% (1/2)" />
                <line number="180" hits="0" branch="false" />
                <line number="181" hits="0" branch="false" />
                <line number="182" hits="3" branch="false" />
                <line number="183" hits="3" branch="false" />
              </lines>
            </method>
            <method name="MergeFrom" signature="(Message.Commands.Simple)" line-rate="0" branch-rate="0" complexity="NaN">
              <lines>
                <line number="186" hits="0" branch="false" />
                <line number="187" hits="0" branch="false" />
                <line number="188" hits="0" branch="false" />
                <line number="190" hits="0" branch="true" condition-coverage="0% (0/2)" />
                <line number="191" hits="0" branch="false" />
                <line number="192" hits="0" branch="false" />
                <line number="193" hits="0" branch="true" condition-coverage="0% (0/2)" />
                <line number="194" hits="0" branch="false" />
                <line number="195" hits="0" branch="false" />
                <line number="196" hits="0" branch="false" />
                <line number="197" hits="0" branch="false" />
              </lines>
            </method>
            <method name="MergeFrom" signature="(Google.Protobuf.CodedInputStream)" line-rate="1" branch-rate="1" complexity="NaN">
              <lines>
                <line number="200" hits="3" branch="false" />
                <line number="202" hits="3" branch="false" />
                <line number="221" hits="3" branch="false" />
              </lines>
            </method>
            <method name="Google.Protobuf.IBufferMessage.InternalMergeFrom" signature="(Google.Protobuf.ParseContext&amp;)" line-rate="0.8461538461538461" branch-rate="0.8333333333333334" complexity="NaN">
              <lines>
                <line number="225" hits="3" branch="false" />
                <line number="227" hits="15" branch="true" condition-coverage="100% (2/2)" />
                <line number="228" hits="6" branch="true" condition-coverage="75% (3/4)" />
                <line number="230" hits="0" branch="false" />
                <line number="231" hits="0" branch="false" />
                <line number="232" hits="3" branch="false" />
                <line number="233" hits="3" branch="false" />
                <line number="234" hits="3" branch="false" />
                <line number="236" hits="3" branch="false" />
                <line number="237" hits="3" branch="false" />
                <line number="238" hits="3" branch="false" />
                <line number="241" hits="6" branch="false" />
                <line number="242" hits="3" branch="false" />
              </lines>
            </method>
            <method name=".cctor" signature="()" line-rate="1" branch-rate="1" complexity="1">
              <lines>
                <line number="44" hits="4" branch="false" />
              </lines>
            </method>
          </methods>
          <lines>
            <line number="44" hits="4" branch="false" />
            <line number="47" hits="6" branch="false" />
            <line number="51" hits="9" branch="false" />
            <line number="56" hits="9" branch="false" />
            <line number="60" hits="18" branch="false" />
            <line number="62" hits="9" branch="false" />
            <line number="67" hits="0" branch="false" />
            <line number="68" hits="0" branch="false" />
            <line number="69" hits="0" branch="false" />
            <line number="70" hits="0" branch="false" />
            <line number="71" hits="0" branch="false" />
            <line number="74" hits="0" branch="false" />
            <line number="75" hits="0" branch="false" />
            <line number="76" hits="0" branch="false" />
            <line number="80" hits="9" branch="false" />
            <line number="83" hits="54" branch="false" />
            <line number="84" hits="9" branch="false" />
            <line number="85" hits="9" branch="false" />
            <line number="86" hits="9" branch="false" />
            <line number="94" hits="54" branch="false" />
            <line number="95" hits="9" branch="false" />
            <line number="96" hits="9" branch="false" />
            <line number="97" hits="9" branch="false" />
            <line number="101" hits="3" branch="false" />
            <line number="102" hits="3" branch="false" />
            <line number="103" hits="3" branch="false" />
            <line number="106" hits="3" branch="false" />
            <line number="107" hits="3" branch="false" />
            <line number="108" hits="0" branch="false" />
            <line number="110" hits="3" branch="true" condition-coverage="50% (1/2)" />
            <line number="111" hits="0" branch="false" />
            <line number="113" hits="3" branch="true" condition-coverage="50% (1/2)" />
            <line number="114" hits="3" branch="true" condition-coverage="50% (1/2)" />
            <line number="115" hits="3" branch="false" />
            <line number="116" hits="3" branch="false" />
            <line number="119" hits="0" branch="false" />
            <line number="120" hits="0" branch="false" />
            <line number="121" hits="0" branch="true" condition-coverage="0% (0/2)" />
            <line number="122" hits="0" branch="true" condition-coverage="0% (0/2)" />
            <line number="123" hits="0" branch="true" condition-coverage="0% (0/2)" />
            <line number="124" hits="0" branch="false" />
            <line number="125" hits="0" branch="false" />
            <line number="126" hits="0" branch="false" />
            <line number="127" hits="0" branch="false" />
            <line number="130" hits="0" branch="false" />
            <line number="131" hits="0" branch="false" />
            <line number="132" hits="0" branch="false" />
            <line number="135" hits="3" branch="false" />
            <line number="137" hits="3" branch="false" />
            <line number="151" hits="3" branch="false" />
            <line number="155" hits="3" branch="false" />
            <line number="156" hits="6" branch="false" />
            <line number="157" hits="3" branch="false" />
            <line number="158" hits="3" branch="false" />
            <line number="159" hits="3" branch="false" />
            <line number="160" hits="6" branch="true" condition-coverage="50% (1/2)" />
            <line number="161" hits="3" branch="false" />
            <line number="162" hits="3" branch="false" />
            <line number="163" hits="3" branch="false" />
            <line number="164" hits="3" branch="true" condition-coverage="50% (1/2)" />
            <line number="165" hits="0" branch="false" />
            <line number="166" hits="0" branch="false" />
            <line number="167" hits="3" branch="false" />
            <line number="171" hits="3" branch="false" />
            <line number="172" hits="3" branch="false" />
            <line number="173" hits="6" branch="true" condition-coverage="50% (1/2)" />
            <line number="174" hits="3" branch="false" />
            <line number="175" hits="3" branch="false" />
            <line number="176" hits="6" branch="true" condition-coverage="50% (1/2)" />
            <line number="177" hits="3" branch="false" />
            <line number="178" hits="3" branch="false" />
            <line number="179" hits="3" branch="true" condition-coverage="50% (1/2)" />
            <line number="180" hits="0" branch="false" />
            <line number="181" hits="0" branch="false" />
            <line number="182" hits="3" branch="false" />
            <line number="183" hits="3" branch="false" />
            <line number="186" hits="0" branch="false" />
            <line number="187" hits="0" branch="false" />
            <line number="188" hits="0" branch="false" />
            <line number="190" hits="0" branch="true" condition-coverage="0% (0/2)" />
            <line number="191" hits="0" branch="false" />
            <line number="192" hits="0" branch="false" />
            <line number="193" hits="0" branch="true" condition-coverage="0% (0/2)" />
            <line number="194" hits="0" branch="false" />
            <line number="195" hits="0" branch="false" />
            <line number="196" hits="0" branch="false" />
            <line number="197" hits="0" branch="false" />
            <line number="200" hits="3" branch="false" />
            <line number="202" hits="3" branch="false" />
            <line number="221" hits="3" branch="false" />
            <line number="225" hits="3" branch="false" />
            <line number="227" hits="15" branch="true" condition-coverage="100% (2/2)" />
            <line number="228" hits="6" branch="true" condition-coverage="75% (3/4)" />
            <line number="230" hits="0" branch="false" />
            <line number="231" hits="0" branch="false" />
            <line number="232" hits="3" branch="false" />
            <line number="233" hits="3" branch="false" />
            <line number="234" hits="3" branch="false" />
            <line number="236" hits="3" branch="false" />
            <line number="237" hits="3" branch="false" />
            <line number="238" hits="3" branch="false" />
            <line number="241" hits="6" branch="false" />
            <line number="242" hits="3" branch="false" />
          </lines>
        </class>
      </classes>
    </package>
  </packages>
</coverage>